<?xml version="1.0" encoding="UTF-8"?>
<!-- Generated by org.testng.reporters.JUnitReportReporter -->
<testsuite name="TestPackage.TestRun2" tests="1" time="4.989" ignored="0" failures="0" timestamp="09 Jul 2018 11:34:07 GMT" skipped="0" hostname="5CG54423ZV" errors="0">
  <testcase name="myTest" time="4.989" classname="TestPackage.TestRun2"/>
</testsuite> <!-- TestPackage.TestRun2 -->
