<?xml version="1.0" encoding="UTF-8"?>
<!-- Generated by org.testng.reporters.JUnitReportReporter -->
<testsuite name="TestPackage.TestRun2" tests="1" time="61.948" ignored="0" failures="0" timestamp="25 Jul 2018 08:14:21 GMT" skipped="0" hostname="5CG54423ZV" errors="0">
  <testcase name="myTest1" time="61.948" classname="TestPackage.TestRun2"/>
</testsuite> <!-- TestPackage.TestRun2 -->
